<?xml version="1.0" encoding="UTF-8"?>
<testng-results ignored="0" total="6" passed="5" failed="1" skipped="0">
  <reporter-output>
  </reporter-output>
  <suite started-at="2022-10-09T23:03:27 IST" name="Suite" finished-at="2022-10-09T23:04:10 IST" duration-ms="43424">
    <groups>
    </groups>
    <test started-at="2022-10-09T23:03:27 IST" name="Test" finished-at="2022-10-09T23:04:10 IST" duration-ms="43424">
      <class name="com.Saucdemo.Testclass.Testclass4Proceedtocheckout">
        <test-method is-config="true" signature="setup(java.lang.String)[pri:0, instance:com.Saucdemo.Testclass.Testclass4Proceedtocheckout@25fb8912]" started-at="2022-10-09T23:03:50 IST" name="setup" finished-at="2022-10-09T23:03:54 IST" duration-ms="4605" status="PASS">
          <params>
            <param index="0">
              <value>
                <![CDATA[chrome]]>
              </value>
            </param>
          </params>
          <reporter-output>
          </reporter-output>
        </test-method> <!-- setup -->
        <test-method signature="verifyproceedtocheckout()[pri:0, instance:com.Saucdemo.Testclass.Testclass4Proceedtocheckout@25fb8912]" started-at="2022-10-09T23:03:54 IST" name="verifyproceedtocheckout" finished-at="2022-10-09T23:03:55 IST" duration-ms="1234" status="PASS">
          <reporter-output>
          </reporter-output>
        </test-method> <!-- verifyproceedtocheckout -->
        <test-method is-config="true" signature="teardown()[pri:0, instance:com.Saucdemo.Testclass.Testclass4Proceedtocheckout@25fb8912]" started-at="2022-10-09T23:03:55 IST" name="teardown" finished-at="2022-10-09T23:03:57 IST" duration-ms="1143" status="PASS">
          <reporter-output>
          </reporter-output>
        </test-method> <!-- teardown -->
      </class> <!-- com.Saucdemo.Testclass.Testclass4Proceedtocheckout -->
      <class name="com.Saucdemo.Testclass.TestClassAddtoCartProduct">
        <test-method is-config="true" signature="setup(java.lang.String)[pri:0, instance:com.Saucdemo.Testclass.TestClassAddtoCartProduct@5d7148e2]" started-at="2022-10-09T23:03:43 IST" name="setup" finished-at="2022-10-09T23:03:48 IST" duration-ms="5678" status="PASS">
          <params>
            <param index="0">
              <value>
                <![CDATA[chrome]]>
              </value>
            </param>
          </params>
          <reporter-output>
          </reporter-output>
        </test-method> <!-- setup -->
        <test-method signature="VerifyAddtocart()[pri:0, instance:com.Saucdemo.Testclass.TestClassAddtoCartProduct@5d7148e2]" started-at="2022-10-09T23:03:48 IST" name="VerifyAddtocart" finished-at="2022-10-09T23:03:49 IST" duration-ms="310" status="PASS">
          <reporter-output>
          </reporter-output>
        </test-method> <!-- VerifyAddtocart -->
        <test-method is-config="true" signature="teardown()[pri:0, instance:com.Saucdemo.Testclass.TestClassAddtoCartProduct@5d7148e2]" started-at="2022-10-09T23:03:49 IST" name="teardown" finished-at="2022-10-09T23:03:50 IST" duration-ms="839" status="PASS">
          <reporter-output>
          </reporter-output>
        </test-method> <!-- teardown -->
      </class> <!-- com.Saucdemo.Testclass.TestClassAddtoCartProduct -->
      <class name="com.Saucdemo.Testclass.TestClassLogoutFunctonality">
        <test-method is-config="true" signature="setup(java.lang.String)[pri:0, instance:com.Saucdemo.Testclass.TestClassLogoutFunctonality@49c7b90e]" started-at="2022-10-09T23:03:27 IST" name="setup" finished-at="2022-10-09T23:03:35 IST" duration-ms="8052" status="PASS">
          <params>
            <param index="0">
              <value>
                <![CDATA[chrome]]>
              </value>
            </param>
          </params>
          <reporter-output>
          </reporter-output>
        </test-method> <!-- setup -->
        <test-method signature="verifylogoutFunctionality()[pri:0, instance:com.Saucdemo.Testclass.TestClassLogoutFunctonality@49c7b90e]" started-at="2022-10-09T23:03:35 IST" name="verifylogoutFunctionality" finished-at="2022-10-09T23:03:36 IST" duration-ms="525" status="PASS">
          <reporter-output>
          </reporter-output>
        </test-method> <!-- verifylogoutFunctionality -->
        <test-method is-config="true" signature="teardown()[pri:0, instance:com.Saucdemo.Testclass.TestClassLogoutFunctonality@49c7b90e]" started-at="2022-10-09T23:03:36 IST" name="teardown" finished-at="2022-10-09T23:03:36 IST" duration-ms="375" status="PASS">
          <reporter-output>
          </reporter-output>
        </test-method> <!-- teardown -->
      </class> <!-- com.Saucdemo.Testclass.TestClassLogoutFunctonality -->
      <class name="com.Saucdemo.Testclass.TestClassmultipleElementaddtocart">
        <test-method is-config="true" signature="setup(java.lang.String)[pri:0, instance:com.Saucdemo.Testclass.TestClassmultipleElementaddtocart@7c24b813]" started-at="2022-10-09T23:03:57 IST" name="setup" finished-at="2022-10-09T23:04:03 IST" duration-ms="6177" status="PASS">
          <params>
            <param index="0">
              <value>
                <![CDATA[chrome]]>
              </value>
            </param>
          </params>
          <reporter-output>
          </reporter-output>
        </test-method> <!-- setup -->
        <test-method signature="verifyaddmultipleproduct()[pri:0, instance:com.Saucdemo.Testclass.TestClassmultipleElementaddtocart@7c24b813]" started-at="2022-10-09T23:04:03 IST" name="verifyaddmultipleproduct" finished-at="2022-10-09T23:04:03 IST" duration-ms="619" status="PASS">
          <reporter-output>
          </reporter-output>
        </test-method> <!-- verifyaddmultipleproduct -->
        <test-method is-config="true" signature="teardown()[pri:0, instance:com.Saucdemo.Testclass.TestClassmultipleElementaddtocart@7c24b813]" started-at="2022-10-09T23:04:03 IST" name="teardown" finished-at="2022-10-09T23:04:05 IST" duration-ms="1185" status="PASS">
          <reporter-output>
          </reporter-output>
        </test-method> <!-- teardown -->
      </class> <!-- com.Saucdemo.Testclass.TestClassmultipleElementaddtocart -->
      <class name="com.Saucdemo.Testclass.TestClassAplyTheFilter">
        <test-method is-config="true" signature="setup(java.lang.String)[pri:0, instance:com.Saucdemo.Testclass.TestClassAplyTheFilter@4fb3ee4e]" started-at="2022-10-09T23:03:36 IST" name="setup" finished-at="2022-10-09T23:03:41 IST" duration-ms="5206" status="PASS">
          <params>
            <param index="0">
              <value>
                <![CDATA[chrome]]>
              </value>
            </param>
          </params>
          <reporter-output>
          </reporter-output>
        </test-method> <!-- setup -->
        <test-method signature="verifyfilteraply()[pri:0, instance:com.Saucdemo.Testclass.TestClassAplyTheFilter@4fb3ee4e]" started-at="2022-10-09T23:03:41 IST" name="verifyfilteraply" finished-at="2022-10-09T23:03:42 IST" duration-ms="375" status="FAIL">
          <exception class="java.lang.AssertionError">
            <message>
              <![CDATA[expected [Name (A to Z)
Name (Z to A)
Price (low to high)
Price (high to low)] but found [Price (high to low)]]]]>
            </message>
            <full-stacktrace>
              <![CDATA[java.lang.AssertionError: expected [Name (A to Z)
Name (Z to A)
Price (low to high)
Price (high to low)] but found [Price (high to low)]]
at org.testng.Assert.fail(Assert.java:99)
at org.testng.Assert.failNotEquals(Assert.java:1037)
at org.testng.Assert.assertEqualsImpl(Assert.java:140)
at org.testng.Assert.assertEquals(Assert.java:122)
at org.testng.Assert.assertEquals(Assert.java:629)
at org.testng.Assert.assertEquals(Assert.java:639)
at com.Saucdemo.Testclass.TestClassAplyTheFilter.verifyfilteraply(TestClassAplyTheFilter.java:32)
at java.base/jdk.internal.reflect.NativeMethodAccessorImpl.invoke0(Native Method)
at java.base/jdk.internal.reflect.NativeMethodAccessorImpl.invoke(NativeMethodAccessorImpl.java:77)
at java.base/jdk.internal.reflect.DelegatingMethodAccessorImpl.invoke(DelegatingMethodAccessorImpl.java:43)
at java.base/java.lang.reflect.Method.invoke(Method.java:568)
at org.testng.internal.MethodInvocationHelper.invokeMethod(MethodInvocationHelper.java:133)
at org.testng.internal.TestInvoker.invokeMethod(TestInvoker.java:598)
at org.testng.internal.TestInvoker.invokeTestMethod(TestInvoker.java:173)
at org.testng.internal.MethodRunner.runInSequence(MethodRunner.java:46)
at org.testng.internal.TestInvoker$MethodInvocationAgent.invoke(TestInvoker.java:824)
at org.testng.internal.TestInvoker.invokeTestMethods(TestInvoker.java:146)
at org.testng.internal.TestMethodWorker.invokeTestMethods(TestMethodWorker.java:146)
at org.testng.internal.TestMethodWorker.run(TestMethodWorker.java:128)
at java.base/java.util.ArrayList.forEach(ArrayList.java:1511)
at org.testng.TestRunner.privateRun(TestRunner.java:794)
at org.testng.TestRunner.run(TestRunner.java:596)
at org.testng.SuiteRunner.runTest(SuiteRunner.java:377)
at org.testng.SuiteRunner.runSequentially(SuiteRunner.java:371)
at org.testng.SuiteRunner.privateRun(SuiteRunner.java:332)
at org.testng.SuiteRunner.run(SuiteRunner.java:276)
at org.testng.SuiteRunnerWorker.runSuite(SuiteRunnerWorker.java:53)
at org.testng.SuiteRunnerWorker.run(SuiteRunnerWorker.java:96)
at org.testng.TestNG.runSuitesSequentially(TestNG.java:1212)
at org.testng.TestNG.runSuitesLocally(TestNG.java:1134)
at org.testng.TestNG.runSuites(TestNG.java:1063)
at org.testng.TestNG.run(TestNG.java:1031)
at org.testng.remote.AbstractRemoteTestNG.run(AbstractRemoteTestNG.java:115)
at org.testng.remote.RemoteTestNG.initAndRun(RemoteTestNG.java:251)
at org.testng.remote.RemoteTestNG.main(RemoteTestNG.java:77)
]]>
            </full-stacktrace>
          </exception> <!-- java.lang.AssertionError -->
          <reporter-output>
          </reporter-output>
        </test-method> <!-- verifyfilteraply -->
        <test-method is-config="true" signature="teardown()[pri:0, instance:com.Saucdemo.Testclass.TestClassAplyTheFilter@4fb3ee4e]" started-at="2022-10-09T23:03:42 IST" name="teardown" finished-at="2022-10-09T23:03:43 IST" duration-ms="1068" status="PASS">
          <reporter-output>
          </reporter-output>
        </test-method> <!-- teardown -->
      </class> <!-- com.Saucdemo.Testclass.TestClassAplyTheFilter -->
      <class name="com.Saucdemo.Testclass.TestClassLoginfunctionality">
        <test-method is-config="true" signature="setup(java.lang.String)[pri:0, instance:com.Saucdemo.Testclass.TestClassLoginfunctionality@2c35e847]" started-at="2022-10-09T23:04:05 IST" name="setup" finished-at="2022-10-09T23:04:10 IST" duration-ms="5450" status="PASS">
          <params>
            <param index="0">
              <value>
                <![CDATA[chrome]]>
              </value>
            </param>
          </params>
          <reporter-output>
          </reporter-output>
        </test-method> <!-- setup -->
        <test-method signature="verifyloginfunctionality()[pri:0, instance:com.Saucdemo.Testclass.TestClassLoginfunctionality@2c35e847]" started-at="2022-10-09T23:04:10 IST" name="verifyloginfunctionality" finished-at="2022-10-09T23:04:10 IST" duration-ms="15" status="PASS">
          <reporter-output>
          </reporter-output>
        </test-method> <!-- verifyloginfunctionality -->
        <test-method is-config="true" signature="teardown()[pri:0, instance:com.Saucdemo.Testclass.TestClassLoginfunctionality@2c35e847]" started-at="2022-10-09T23:04:10 IST" name="teardown" finished-at="2022-10-09T23:04:10 IST" duration-ms="480" status="PASS">
          <reporter-output>
          </reporter-output>
        </test-method> <!-- teardown -->
      </class> <!-- com.Saucdemo.Testclass.TestClassLoginfunctionality -->
    </test> <!-- Test -->
  </suite> <!-- Suite -->
</testng-results>
